0 info it worked if it ends with ok
1 verbose cli [ '/usr/local/bin/node',
1 verbose cli   '/usr/local/bin/npm',
1 verbose cli   'install',
1 verbose cli   'simpleweather@3.2.0',
1 verbose cli   '--save' ]
2 info using npm@3.7.3
3 info using node@v4.0.0
4 silly loadCurrentTree Starting
5 silly install loadCurrentTree
6 silly install readLocalPackageData
7 silly fetchPackageMetaData simpleweather@3.2.0
8 silly fetchNamedPackageData simpleweather
9 silly mapToRegistry name simpleweather
10 silly mapToRegistry using default registry
11 silly mapToRegistry registry https://registry.npmjs.org/
12 silly mapToRegistry uri https://registry.npmjs.org/simpleweather
13 verbose request uri https://registry.npmjs.org/simpleweather
14 verbose request no auth needed
15 info attempt registry request try #1 at 10:11:19 PM
16 verbose request id 05f103419d46b9fe
17 verbose etag "7GZWVEQ92XT0SD08XAC990NKT"
18 http request GET https://registry.npmjs.org/simpleweather
19 http 304 https://registry.npmjs.org/simpleweather
20 verbose headers { date: 'Sat, 24 Sep 2016 05:11:19 GMT',
20 verbose headers   via: '1.1 varnish',
20 verbose headers   'cache-control': 'max-age=300',
20 verbose headers   etag: '"7GZWVEQ92XT0SD08XAC990NKT"',
20 verbose headers   age: '257',
20 verbose headers   connection: 'keep-alive',
20 verbose headers   'x-served-by': 'cache-sea1924-SEA',
20 verbose headers   'x-cache': 'HIT',
20 verbose headers   'x-cache-hits': '1',
20 verbose headers   'x-timer': 'S1474693879.846341,VS0,VE0',
20 verbose headers   vary: 'Accept-Encoding' }
21 silly get cb [ 304,
21 silly get   { date: 'Sat, 24 Sep 2016 05:11:19 GMT',
21 silly get     via: '1.1 varnish',
21 silly get     'cache-control': 'max-age=300',
21 silly get     etag: '"7GZWVEQ92XT0SD08XAC990NKT"',
21 silly get     age: '257',
21 silly get     connection: 'keep-alive',
21 silly get     'x-served-by': 'cache-sea1924-SEA',
21 silly get     'x-cache': 'HIT',
21 silly get     'x-cache-hits': '1',
21 silly get     'x-timer': 'S1474693879.846341,VS0,VE0',
21 silly get     vary: 'Accept-Encoding' } ]
22 verbose etag https://registry.npmjs.org/simpleweather from cache
23 verbose get saving simpleweather to /Users/developernator/.npm/registry.npmjs.org/simpleweather/.cache.json
24 verbose correctMkdir /Users/developernator/.npm correctMkdir not in flight; initializing
25 silly fetchPackageMetaData Error: No compatible version found: simpleweather@3.2.0
25 silly fetchPackageMetaData Valid install targets:
25 silly fetchPackageMetaData 3.1.0, 3.0.2, 3.0.1, 3.0.0, 2.3.0
25 silly fetchPackageMetaData
25 silly fetchPackageMetaData     at pickVersionFromRegistryDocument (/usr/local/lib/node_modules/npm/lib/fetch-package-metadata.js:156:16)
25 silly fetchPackageMetaData     at /usr/local/lib/node_modules/npm/node_modules/iferr/index.js:13:50
25 silly fetchPackageMetaData     at /usr/local/lib/node_modules/npm/lib/utils/pulse-till-done.js:19:8
25 silly fetchPackageMetaData     at saved (/usr/local/lib/node_modules/npm/lib/cache/caching-client.js:168:7)
25 silly fetchPackageMetaData     at /usr/local/lib/node_modules/npm/node_modules/graceful-fs/polyfills.js:210:7
25 silly fetchPackageMetaData     at FSReqWrap.oncomplete (fs.js:82:15)
25 silly fetchPackageMetaData  error for simpleweather@3.2.0 [Error: No compatible version found: simpleweather@3.2.0
25 silly fetchPackageMetaData Valid install targets:
25 silly fetchPackageMetaData 3.1.0, 3.0.2, 3.0.1, 3.0.0, 2.3.0
25 silly fetchPackageMetaData ]
26 silly rollbackFailedOptional Starting
27 silly rollbackFailedOptional Finishing
28 silly runTopLevelLifecycles Starting
29 silly runTopLevelLifecycles Finishing
30 silly install printInstalled
31 verbose stack Error: No compatible version found: simpleweather@3.2.0
31 verbose stack Valid install targets:
31 verbose stack 3.1.0, 3.0.2, 3.0.1, 3.0.0, 2.3.0
31 verbose stack
31 verbose stack     at pickVersionFromRegistryDocument (/usr/local/lib/node_modules/npm/lib/fetch-package-metadata.js:156:16)
31 verbose stack     at /usr/local/lib/node_modules/npm/node_modules/iferr/index.js:13:50
31 verbose stack     at /usr/local/lib/node_modules/npm/lib/utils/pulse-till-done.js:19:8
31 verbose stack     at saved (/usr/local/lib/node_modules/npm/lib/cache/caching-client.js:168:7)
31 verbose stack     at /usr/local/lib/node_modules/npm/node_modules/graceful-fs/polyfills.js:210:7
31 verbose stack     at FSReqWrap.oncomplete (fs.js:82:15)
32 verbose cwd /Users/developernator/Sites/laravel-material-design
33 error Darwin 15.6.0
34 error argv "/usr/local/bin/node" "/usr/local/bin/npm" "install" "simpleweather@3.2.0" "--save"
35 error node v4.0.0
36 error npm  v3.7.3
37 error No compatible version found: simpleweather@3.2.0
37 error Valid install targets:
37 error 3.1.0, 3.0.2, 3.0.1, 3.0.0, 2.3.0
38 error If you need help, you may report this error at:
38 error     <https://github.com/npm/npm/issues>
39 verbose exit [ 1, true ]
